TN:
SF:src/logic.js
FN:22,filterEntries
FN:23,(anonymous_1)
FN:31,getWinner
FN:33,(anonymous_3)
FN:44,updateHistory
FN:46,(anonymous_5)
FN:54,calculateCurrentPhase
FNF:7
FNH:5
FNDA:0,filterEntries
FNDA:0,(anonymous_1)
FNDA:4,getWinner
FNDA:5,(anonymous_3)
FNDA:4,updateHistory
FNDA:2,(anonymous_5)
FNDA:6,calculateCurrentPhase
DA:5,1
DA:12,1
DA:23,0
DA:24,0
DA:32,4
DA:33,3
DA:34,5
DA:35,5
DA:36,1
DA:38,3
DA:45,4
DA:46,2
DA:47,4
DA:48,1
DA:55,6
DA:56,5
LF:16
LH:14
BRDA:24,0,0,0
BRDA:24,0,1,0
BRDA:32,1,0,1
BRDA:32,1,1,3
BRDA:32,2,0,4
BRDA:32,2,1,4
BRDA:34,3,0,5
BRDA:34,3,1,0
BRDA:34,4,0,5
BRDA:34,4,1,0
BRDA:35,5,0,4
BRDA:35,5,1,1
BRDA:36,6,0,1
BRDA:36,6,1,0
BRDA:36,7,0,5
BRDA:36,7,1,0
BRDA:38,8,0,2
BRDA:38,8,1,1
BRDA:45,9,0,2
BRDA:45,9,1,2
BRDA:45,10,0,4
BRDA:45,10,1,3
BRDA:45,11,0,2
BRDA:45,11,1,0
BRDA:46,12,0,2
BRDA:46,12,1,0
BRDA:47,13,0,1
BRDA:47,13,1,3
BRDA:48,14,0,1
BRDA:48,14,1,0
BRDA:55,15,0,1
BRDA:55,15,1,5
BRF:32
BRH:23
end_of_record
